#
# There is insufficient memory for the Java Runtime Environment to continue.
# Native memory allocation (mmap) failed to map 402653184 bytes for Failed to commit area from 0x0000000680000000 to 0x0000000698000000 of length 402653184.
# Possible reasons:
#   The system is out of physical RAM or swap space
#   The process is running with CompressedOops enabled, and the Java Heap may be blocking the growth of the native heap
# Possible solutions:
#   Reduce memory load on the system
#   Increase physical memory or swap space
#   Check if swap backing store is full
#   Decrease Java heap size (-Xmx/-Xms)
#   Decrease number of Java threads
#   Decrease Java thread stack sizes (-Xss)
#   Set larger code cache with -XX:ReservedCodeCacheSize=
# This output file may be truncated or incomplete.
#
#  Out of Memory Error (./src/hotspot/os/windows/os_windows.cpp:3303), pid=415120, tid=416072
#
# JRE version:  (11.0.7+10) (build )
# Java VM: OpenJDK 64-Bit Server VM (11.0.7+10-b944.20, mixed mode, sharing, tiered, compressed oops, g1 gc, windows-amd64)
# No core dump will be written. Minidumps are not enabled by default on client versions of Windows
#

---------------  S U M M A R Y ------------

Command Line: org.jetbrains.git4idea.http.GitAskPassApp Username for 'https://github.com': 

Host: Intel(R) Xeon(R) CPU           X5650  @ 2.67GHz, 12 cores, 23G,  Windows 10 , 64 bit Build 18362 (10.0.18362.959)
Time: Sun Aug 23 06:24:51 2020 Pacific Daylight Time elapsed time: 0 seconds (0d 0h 0m 0s)

---------------  T H R E A D  ---------------

Current thread (0x000002ae6178e800):  JavaThread "Unknown thread" [_thread_in_vm, id=416072, stack(0x000000b8edb00000,0x000000b8edc00000)]

Stack: [0x000000b8edb00000,0x000000b8edc00000]
Native frames: (J=compiled Java code, j=interpreted, Vv=VM code, C=native code)
V  [jvm.dll+0x5ddcca]
V  [jvm.dll+0x7115d5]
V  [jvm.dll+0x712b2d]
V  [jvm.dll+0x7131e3]
V  [jvm.dll+0x23e3a8]
V  [jvm.dll+0x5db184]
V  [jvm.dll+0x5d0305]
V  [jvm.dll+0x2fb2ab]
V  [jvm.dll+0x2fb21a]
V  [jvm.dll+0x2fb0f2]
V  [jvm.dll+0x2fffd6]
V  [jvm.dll+0x3485d3]
V  [jvm.dll+0x348cd6]
V  [jvm.dll+0x3486d3]
V  [jvm.dll+0x2d5b38]
V  [jvm.dll+0x2d6cd7]
V  [jvm.dll+0x6f05d7]
V  [jvm.dll+0x6f1dcc]
V  [jvm.dll+0x355b89]
V  [jvm.dll+0x6d43ae]
V  [jvm.dll+0x3bdc13]
V  [jvm.dll+0x3bfe61]
C  [jli.dll+0x5363]
C  [ucrtbase.dll+0x20e82]
C  [KERNEL32.DLL+0x17bd4]
C  [ntdll.dll+0x6ce51]


---------------  P R O C E S S  ---------------

Threads class SMR info:
_java_thread_list=0x000002ae61542390, length=0, elements={
}

Java Threads: ( => current thread )

Other Threads:
  0x000002ae617a9000 GCTaskThread "GC Thread#0" [stack: 0x000000b8edc00000,0x000000b8edd00000] [id=416172]
  0x000002ae61830000 ConcurrentGCThread "G1 Main Marker" [stack: 0x000000b8edd00000,0x000000b8ede00000] [id=415976]
  0x000002ae61832800 ConcurrentGCThread "G1 Conc#0" [stack: 0x000000b8ede00000,0x000000b8edf00000] [id=416592]

[error occurred during error reporting (printing all threads), id 0xc0000005, EXCEPTION_ACCESS_VIOLATION (0xc0000005) at pc=0x00007ffe3ae261a7]

VM state:not at safepoint (not fully initialized)

VM Mutex/Monitor currently owned by a thread:  ([mutex/lock_event])
[0x000002ae6178de30] Heap_lock - owner thread: 0x000002ae6178e800

Heap address: 0x0000000680000000, size: 6144 MB, Compressed Oops mode: Non-zero based: 0x0000000680000000
Narrow klass base: 0x0000000000000000, Narrow klass shift: 0

GC Heap History (0 events):
No events

Deoptimization events (0 events):
No events

Classes redefined (0 events):
No events

Internal exceptions (0 events):
No events

Events (2 events):
Event: 0.009 Loaded shared library C:\Users\Grantley\AppData\Local\JetBrains\Toolbox\apps\IDEA-U\ch-0\202.6397.94\jbr\bin\zip.dll
Event: 0.011 Loaded shared library C:\Users\Grantley\AppData\Local\JetBrains\Toolbox\apps\IDEA-U\ch-0\202.6397.94\jbr\bin\jimage.dll


Dynamic libraries:
0x00007ff776bf0000 - 0x00007ff776bfa000 	C:\Users\Grantley\AppData\Local\JetBrains\Toolbox\apps\IDEA-U\ch-0\202.6397.94\jbr\bin\java.exe
0x00007ffe92f40000 - 0x00007ffe93130000 	C:\WINDOWS\SYSTEM32\ntdll.dll
0x00007ffe91800000 - 0x00007ffe918b2000 	C:\WINDOWS\System32\KERNEL32.DLL
0x00007ffe8ff10000 - 0x00007ffe901b4000 	C:\WINDOWS\System32\KERNELBASE.dll
0x00007ffe90d20000 - 0x00007ffe90e1a000 	C:\WINDOWS\System32\ucrtbase.dll
0x00007ffe3cf70000 - 0x00007ffe3cf87000 	C:\Users\Grantley\AppData\Local\JetBrains\Toolbox\apps\IDEA-U\ch-0\202.6397.94\jbr\bin\VCRUNTIME140.dll
0x00007ffe3e180000 - 0x00007ffe3e199000 	C:\Users\Grantley\AppData\Local\JetBrains\Toolbox\apps\IDEA-U\ch-0\202.6397.94\jbr\bin\jli.dll
0x00007ffe928f0000 - 0x00007ffe92a85000 	C:\WINDOWS\System32\USER32.dll
0x00007ffe90b80000 - 0x00007ffe90ba1000 	C:\WINDOWS\System32\win32u.dll
0x00007ffe92300000 - 0x00007ffe92326000 	C:\WINDOWS\System32\GDI32.dll
0x00007ffe909e0000 - 0x00007ffe90b76000 	C:\WINDOWS\System32\gdi32full.dll
0x00007ffe90f50000 - 0x00007ffe90fee000 	C:\WINDOWS\System32\msvcp_win.dll
0x00007ffe86a40000 - 0x00007ffe86cc4000 	C:\WINDOWS\WinSxS\amd64_microsoft.windows.common-controls_6595b64144ccf1df_6.0.18362.1016_none_9e7a36bbe461dae4\COMCTL32.dll
0x00007ffe918c0000 - 0x00007ffe9195e000 	C:\WINDOWS\System32\msvcrt.dll
0x00007ffe925b0000 - 0x00007ffe928e5000 	C:\WINDOWS\System32\combase.dll
0x00007ffe91250000 - 0x00007ffe91370000 	C:\WINDOWS\System32\RPCRT4.dll
0x00007ffe90ed0000 - 0x00007ffe90f50000 	C:\WINDOWS\System32\bcryptPrimitives.dll
0x00007ffe917d0000 - 0x00007ffe917fe000 	C:\WINDOWS\System32\IMM32.DLL
0x00007ffe32cc0000 - 0x00007ffe32d5d000 	C:\Users\Grantley\AppData\Local\JetBrains\Toolbox\apps\IDEA-U\ch-0\202.6397.94\jbr\bin\msvcp140.dll
0x00007ffe3ab40000 - 0x00007ffe3b5fb000 	C:\Users\Grantley\AppData\Local\JetBrains\Toolbox\apps\IDEA-U\ch-0\202.6397.94\jbr\bin\server\jvm.dll
0x00007ffe92180000 - 0x00007ffe92223000 	C:\WINDOWS\System32\ADVAPI32.dll
0x00007ffe911b0000 - 0x00007ffe91247000 	C:\WINDOWS\System32\sechost.dll
0x00007ffe925a0000 - 0x00007ffe925a8000 	C:\WINDOWS\System32\PSAPI.DLL
0x00007ffe8db40000 - 0x00007ffe8db64000 	C:\WINDOWS\SYSTEM32\WINMM.dll
0x00007ffe89d80000 - 0x00007ffe89d8a000 	C:\WINDOWS\SYSTEM32\VERSION.dll
0x00007ffe74ba0000 - 0x00007ffe74ba9000 	C:\WINDOWS\SYSTEM32\WSOCK32.dll
0x00007ffe914d0000 - 0x00007ffe9153f000 	C:\WINDOWS\System32\WS2_32.dll
0x00007ffe8da80000 - 0x00007ffe8daad000 	C:\WINDOWS\SYSTEM32\winmmbase.dll
0x00007ffe8fec0000 - 0x00007ffe8ff0a000 	C:\WINDOWS\System32\cfgmgr32.dll
0x00007ffe8fea0000 - 0x00007ffe8feb1000 	C:\WINDOWS\System32\kernel.appcore.dll
0x00007ffe8d490000 - 0x00007ffe8d4a1000 	C:\Users\Grantley\AppData\Local\JetBrains\Toolbox\apps\IDEA-U\ch-0\202.6397.94\jbr\bin\verify.dll
0x00007ffe75870000 - 0x00007ffe75a64000 	C:\WINDOWS\SYSTEM32\DBGHELP.DLL
0x00007ffe73760000 - 0x00007ffe7378a000 	C:\WINDOWS\SYSTEM32\dbgcore.DLL
0x00007ffe85a90000 - 0x00007ffe85ab9000 	C:\Users\Grantley\AppData\Local\JetBrains\Toolbox\apps\IDEA-U\ch-0\202.6397.94\jbr\bin\java.dll
0x00007ffe85a70000 - 0x00007ffe85a88000 	C:\Users\Grantley\AppData\Local\JetBrains\Toolbox\apps\IDEA-U\ch-0\202.6397.94\jbr\bin\zip.dll
0x00007ffe86910000 - 0x00007ffe8691b000 	C:\Users\Grantley\AppData\Local\JetBrains\Toolbox\apps\IDEA-U\ch-0\202.6397.94\jbr\bin\jimage.dll

dbghelp: loaded successfully - version: 4.0.5 - missing functions: none
symbol engine: initialized successfully - sym options: 0x614 - pdb path: .;C:\Users\Grantley\AppData\Local\JetBrains\Toolbox\apps\IDEA-U\ch-0\202.6397.94\jbr\bin;C:\WINDOWS\SYSTEM32;C:\WINDOWS\WinSxS\amd64_microsoft.windows.common-controls_6595b64144ccf1df_6.0.18362.1016_none_9e7a36bbe461dae4;C:\Users\Grantley\AppData\Local\JetBrains\Toolbox\apps\IDEA-U\ch-0\202.6397.94\jbr\bin\server

VM Arguments:
java_command: org.jetbrains.git4idea.http.GitAskPassApp Username for 'https://github.com': 
java_class_path (initial): C:/Users/Grantley/AppData/Local/JetBrains/Toolbox/apps/IDEA-U/ch-0/202.6397.94/plugins/git4idea/lib/git4idea-rt.jar;C:/Users/Grantley/AppData/Local/JetBrains/Toolbox/apps/IDEA-U/ch-0/202.6397.94/lib/xmlrpc-2.0.1.jar;C:/Users/Grantley/AppData/Local/JetBrains/Toolbox/apps/IDEA-U/ch-0/202.6397.94/lib/commons-codec-1.14.jar
Launcher Type: SUN_STANDARD

[Global flags]
     intx CICompilerCount                          = 4                                         {product} {ergonomic}
     uint ConcGCThreads                            = 3                                         {product} {ergonomic}
     uint G1ConcRefinementThreads                  = 10                                        {product} {ergonomic}
   size_t G1HeapRegionSize                         = 1048576                                   {product} {ergonomic}
    uintx GCDrainStackTargetSize                   = 64                                        {product} {ergonomic}
   size_t InitialHeapSize                          = 402653184                                 {product} {ergonomic}
   size_t MarkStackSize                            = 4194304                                   {product} {ergonomic}
   size_t MaxHeapSize                              = 6442450944                                {product} {ergonomic}
   size_t MinHeapDeltaBytes                        = 1048576                                   {product} {ergonomic}
    uintx NonNMethodCodeHeapSize                   = 5836300                                {pd product} {ergonomic}
    uintx NonProfiledCodeHeapSize                  = 122910970                              {pd product} {ergonomic}
    uintx ProfiledCodeHeapSize                     = 122910970                              {pd product} {ergonomic}
    uintx ReservedCodeCacheSize                    = 251658240                              {pd product} {ergonomic}
     bool SegmentedCodeCache                       = true                                      {product} {ergonomic}
     bool UseCompressedClassPointers               = true                                 {lp64_product} {ergonomic}
     bool UseCompressedOops                        = true                                 {lp64_product} {ergonomic}
     bool UseG1GC                                  = true                                      {product} {ergonomic}
     bool UseLargePagesIndividualAllocation        = false                                  {pd product} {ergonomic}

Logging:
Log output configuration:
 #0: stdout all=warning uptime,level,tags
 #1: stderr all=off uptime,level,tags

Environment Variables:
JAVA_HOME=C:\Program Files\Java\jdk1.8.0_92
PATH=C:\Program Files\Git\mingw64/libexec/git-core;C:\Program Files\Git\mingw64\bin;C:\Program Files\Git\usr\bin;C:\Users\Grantley\bin;c:\program files (x86)\common files\oracle\java\javapath;c:\program files (x86)\python36-32\scripts\;c:\program files (x86)\python36-32\;c:\python27\;c:\python27\scripts;c:\programdata\oracle\java\javapath;c:\windows\system32;c:\windows;c:\windows\system32\wbem;c:\windows\system32\windowspowershell\v1.0\;c:\program files (x86)\winscp\;c:\program files\microsoft dnx\dnvm\;c:\program files\microsoft sql server\120\tools\binn\;c:\program files\microsoft sql server\130\tools\binn\;c:\windows\system32;c:\windows;c:\windows\system32\wbem;c:\program files\java\jdk1.8.0_92\bin;c:\mingw\mingw32\bin;c:\mingw\bin;c:\program files\mongodb\server\3.4\bin;c:\program files\git\cmd;c:\program files\git\mingw64\bin;c:\program files\miktex 2.9\miktex\bin\x64;c:\program files\openvpn\bin;c:\msys64\usr\bin;c:\program files\gnuplot\bin;c:\program files (x86)\microsoft visual studio 14.0\vc\bin;c:\program files (x86)\microsoft visual studio 14.0\vc\bin\ambd64;c:\program files (x86)\windows;c:\wamp64-3-1-7\bin\mysql\mysql5.7.24\bin;c:\wamp64-3-1-7\bin\php\php7.3.1;c:\programdata\composersetup\bin;c:\program files\nodejs\;c:\maven\bin;c:\program files (x86)\quicktime\qtsystem\;c:\programdata\chocolatey\bin;c:\program files\calibre2\;c:\program files (x86)\gpg4win\..\gnupg\bin;c:\windows\system32\windowspowershell\v1.0\;c:\windows\system32\openssh\;c:\program files\nvidia corporation\nvidia nvdlisr;c:\binaries-luadist-batteries-0.9.8-windows-x86\bin;c:\program files\dotnet\;c:\program files (x86)\dotnet\;C:\WINDOWS\system32;C:\WINDOWS;C:\WINDOWS\system32\wbem;C:\WINDOWS\system32\windowspowershell\v1.0\;C:\WINDOWS\system32\openssh\;C:\Program Files (x86)\NVIDIA Corporation\PhysX\Common;C:\Program Files (x86)\Certbot\bin;C:\Users\Grantley\AppData\Local\Programs\Python\Python37\Scripts\;C:\Users\Grantley\AppData\Local\Programs\Python\Python37\;C:\Users\Grantley\Ap
USERNAME=Grantley
DISPLAY=:0.0
OS=Windows_NT
PROCESSOR_IDENTIFIER=Intel64 Family 6 Model 44 Stepping 2, GenuineIntel



---------------  S Y S T E M  ---------------

OS: Windows 10 , 64 bit Build 18362 (10.0.18362.959)
OS uptime: 3 days 11:31 hours

CPU:total 12 (initial active 12) (6 cores per cpu, 2 threads per core) family 6 model 44 stepping 2, cmov, cx8, fxsr, mmx, sse, sse2, sse3, ssse3, sse4.1, sse4.2, popcnt, aes, clmul, ht, tsc, tscinvbit, tscinv

Memory: 4k page, system-wide physical 24574M (7871M free)
TotalPageFile size 34574M (AvailPageFile size 139M)
current process WorkingSet (physical memory assigned to process): 10M, peak: 10M
current process commit charge ("private bytes"): 65M, peak: 449M

vm_info: OpenJDK 64-Bit Server VM (11.0.7+10-b944.20) for windows-amd64 JRE (11.0.7+10-b944.20), built on Jul 11 2020 03:30:56 by "" with MS VC++ 14.0 (VS2015)

END.
